2022-10-28 18:56:46,077 - This will get logged to a file
2022-10-28 18:56:46,406 - near ",": syntax error
2022-10-28 18:58:57,606 - This will get logged to a file
2022-10-28 18:58:57,996 - near ",": syntax error
2022-10-28 19:00:23,390 - This will get logged to a file
2022-10-28 19:06:23,284 - This will get logged to a file
2022-10-28 19:06:23,634 - yogesh_4, yogesh4@gmail.com, , Mumbai

2022-10-28 19:06:23,872 - yogesh_7, , 78798805, Mumbai

2022-10-28 19:08:22,190 - This will get logged to a file
2022-10-28 19:09:54,820 - This will get logged to a file
2022-10-28 19:10:44,263 - This will get logged to a file
2022-10-28 19:13:24,820 - This will get logged to a file
2022-10-28 19:13:25,180 - yogesh_4, yogesh4@gmail.com, , Mumbai

2022-10-28 19:13:25,339 - yogesh_7, , 78798805, Mumbai

2022-10-28 19:24:11,069 - This will get logged to a file
2022-10-28 19:26:57,437 - This will get logged to a file
2022-10-28 19:27:05,515 - ##################################################
2022-10-28 19:27:05,516 - 100 records successfully updated in the database
2022-10-28 19:27:05,516 - ##################################################
2022-10-28 19:27:13,407 - ##################################################
2022-10-28 19:27:13,408 - 200 records successfully updated in the database
2022-10-28 19:27:13,408 - ##################################################
2022-10-28 19:27:29,053 - ##################################################
2022-10-28 19:27:29,053 - 100 records successfully updated in the database
2022-10-28 19:27:29,053 - ##################################################
2022-10-28 19:27:36,899 - ##################################################
2022-10-28 19:27:36,899 - 200 records successfully updated in the database
2022-10-28 19:27:36,899 - ##################################################
2022-10-28 19:34:09,042 - This will get logged to a file
2022-10-28 19:34:36,486 - This will get logged to a file
2022-10-28 19:35:18,452 - This will get logged to a file
2022-10-28 19:35:27,085 - This will get logged to a file
2022-10-28 19:36:23,030 - This will get logged to a file
2022-10-28 19:40:53,616 - This will get logged to a file
2022-10-28 19:43:31,240 - This will get logged to a file
2022-10-28 19:44:29,775 - This will get logged to a file
